<?xml version="1.0" encoding="UTF-8"?>
<testsuite xmlns:xsi="http://www.w3.org/2001/XMLSchema-instance" xsi:noNamespaceSchemaLocation="https://maven.apache.org/surefire/maven-surefire-plugin/xsd/surefire-test-report.xsd" name="com.example.demo.DemoApplicationTests" time="6.761" tests="1" errors="0" skipped="0" failures="0">
  <properties>
    <property name="java.specification.version" value="16"/>
    <property name="sun.jnu.encoding" value="UTF-8"/>
    <property name="java.class.path" value="/Users/sreyaspanda/simu_workspace/java_workspace/demo 2/target/test-classes:/Users/sreyaspanda/simu_workspace/java_workspace/demo 2/target/classes:/Users/sreyaspanda/.m2/repository/org/springframework/boot/spring-boot-starter-web/2.7.14/spring-boot-starter-web-2.7.14.jar:/Users/sreyaspanda/.m2/repository/org/springframework/boot/spring-boot-starter/2.7.14/spring-boot-starter-2.7.14.jar:/Users/sreyaspanda/.m2/repository/org/springframework/boot/spring-boot/2.7.14/spring-boot-2.7.14.jar:/Users/sreyaspanda/.m2/repository/org/springframework/boot/spring-boot-autoconfigure/2.7.14/spring-boot-autoconfigure-2.7.14.jar:/Users/sreyaspanda/.m2/repository/org/springframework/boot/spring-boot-starter-logging/2.7.14/spring-boot-starter-logging-2.7.14.jar:/Users/sreyaspanda/.m2/repository/ch/qos/logback/logback-classic/1.2.12/logback-classic-1.2.12.jar:/Users/sreyaspanda/.m2/repository/ch/qos/logback/logback-core/1.2.12/logback-core-1.2.12.jar:/Users/sreyaspanda/.m2/repository/org/apache/logging/log4j/log4j-to-slf4j/2.17.2/log4j-to-slf4j-2.17.2.jar:/Users/sreyaspanda/.m2/repository/org/apache/logging/log4j/log4j-api/2.17.2/log4j-api-2.17.2.jar:/Users/sreyaspanda/.m2/repository/org/slf4j/jul-to-slf4j/1.7.36/jul-to-slf4j-1.7.36.jar:/Users/sreyaspanda/.m2/repository/jakarta/annotation/jakarta.annotation-api/1.3.5/jakarta.annotation-api-1.3.5.jar:/Users/sreyaspanda/.m2/repository/org/yaml/snakeyaml/1.30/snakeyaml-1.30.jar:/Users/sreyaspanda/.m2/repository/org/springframework/boot/spring-boot-starter-json/2.7.14/spring-boot-starter-json-2.7.14.jar:/Users/sreyaspanda/.m2/repository/com/fasterxml/jackson/core/jackson-databind/2.13.5/jackson-databind-2.13.5.jar:/Users/sreyaspanda/.m2/repository/com/fasterxml/jackson/core/jackson-annotations/2.13.5/jackson-annotations-2.13.5.jar:/Users/sreyaspanda/.m2/repository/com/fasterxml/jackson/core/jackson-core/2.13.5/jackson-core-2.13.5.jar:/Users/sreyaspanda/.m2/repository/com/fasterxml/jackson/datatype/jackson-datatype-jdk8/2.13.5/jackson-datatype-jdk8-2.13.5.jar:/Users/sreyaspanda/.m2/repository/com/fasterxml/jackson/datatype/jackson-datatype-jsr310/2.13.5/jackson-datatype-jsr310-2.13.5.jar:/Users/sreyaspanda/.m2/repository/com/fasterxml/jackson/module/jackson-module-parameter-names/2.13.5/jackson-module-parameter-names-2.13.5.jar:/Users/sreyaspanda/.m2/repository/org/springframework/boot/spring-boot-starter-tomcat/2.7.14/spring-boot-starter-tomcat-2.7.14.jar:/Users/sreyaspanda/.m2/repository/org/apache/tomcat/embed/tomcat-embed-core/9.0.78/tomcat-embed-core-9.0.78.jar:/Users/sreyaspanda/.m2/repository/org/apache/tomcat/embed/tomcat-embed-el/9.0.78/tomcat-embed-el-9.0.78.jar:/Users/sreyaspanda/.m2/repository/org/apache/tomcat/embed/tomcat-embed-websocket/9.0.78/tomcat-embed-websocket-9.0.78.jar:/Users/sreyaspanda/.m2/repository/org/springframework/spring-web/5.3.29/spring-web-5.3.29.jar:/Users/sreyaspanda/.m2/repository/org/springframework/spring-beans/5.3.29/spring-beans-5.3.29.jar:/Users/sreyaspanda/.m2/repository/org/springframework/spring-webmvc/5.3.29/spring-webmvc-5.3.29.jar:/Users/sreyaspanda/.m2/repository/org/springframework/spring-aop/5.3.29/spring-aop-5.3.29.jar:/Users/sreyaspanda/.m2/repository/org/springframework/spring-context/5.3.29/spring-context-5.3.29.jar:/Users/sreyaspanda/.m2/repository/org/springframework/spring-expression/5.3.29/spring-expression-5.3.29.jar:/Users/sreyaspanda/.m2/repository/org/springframework/boot/spring-boot-starter-test/2.7.14/spring-boot-starter-test-2.7.14.jar:/Users/sreyaspanda/.m2/repository/org/springframework/boot/spring-boot-test/2.7.14/spring-boot-test-2.7.14.jar:/Users/sreyaspanda/.m2/repository/org/springframework/boot/spring-boot-test-autoconfigure/2.7.14/spring-boot-test-autoconfigure-2.7.14.jar:/Users/sreyaspanda/.m2/repository/com/jayway/jsonpath/json-path/2.7.0/json-path-2.7.0.jar:/Users/sreyaspanda/.m2/repository/net/minidev/json-smart/2.4.11/json-smart-2.4.11.jar:/Users/sreyaspanda/.m2/repository/net/minidev/accessors-smart/2.4.11/accessors-smart-2.4.11.jar:/Users/sreyaspanda/.m2/repository/org/slf4j/slf4j-api/1.7.36/slf4j-api-1.7.36.jar:/Users/sreyaspanda/.m2/repository/jakarta/xml/bind/jakarta.xml.bind-api/2.3.3/jakarta.xml.bind-api-2.3.3.jar:/Users/sreyaspanda/.m2/repository/jakarta/activation/jakarta.activation-api/1.2.2/jakarta.activation-api-1.2.2.jar:/Users/sreyaspanda/.m2/repository/org/assertj/assertj-core/3.22.0/assertj-core-3.22.0.jar:/Users/sreyaspanda/.m2/repository/org/hamcrest/hamcrest/2.2/hamcrest-2.2.jar:/Users/sreyaspanda/.m2/repository/org/junit/jupiter/junit-jupiter/5.8.2/junit-jupiter-5.8.2.jar:/Users/sreyaspanda/.m2/repository/org/junit/jupiter/junit-jupiter-api/5.8.2/junit-jupiter-api-5.8.2.jar:/Users/sreyaspanda/.m2/repository/org/opentest4j/opentest4j/1.2.0/opentest4j-1.2.0.jar:/Users/sreyaspanda/.m2/repository/org/junit/platform/junit-platform-commons/1.8.2/junit-platform-commons-1.8.2.jar:/Users/sreyaspanda/.m2/repository/org/junit/jupiter/junit-jupiter-params/5.8.2/junit-jupiter-params-5.8.2.jar:/Users/sreyaspanda/.m2/repository/org/junit/jupiter/junit-jupiter-engine/5.8.2/junit-jupiter-engine-5.8.2.jar:/Users/sreyaspanda/.m2/repository/org/junit/platform/junit-platform-engine/1.8.2/junit-platform-engine-1.8.2.jar:/Users/sreyaspanda/.m2/repository/org/mockito/mockito-core/4.5.1/mockito-core-4.5.1.jar:/Users/sreyaspanda/.m2/repository/net/bytebuddy/byte-buddy/1.12.23/byte-buddy-1.12.23.jar:/Users/sreyaspanda/.m2/repository/net/bytebuddy/byte-buddy-agent/1.12.23/byte-buddy-agent-1.12.23.jar:/Users/sreyaspanda/.m2/repository/org/objenesis/objenesis/3.2/objenesis-3.2.jar:/Users/sreyaspanda/.m2/repository/org/mockito/mockito-junit-jupiter/4.5.1/mockito-junit-jupiter-4.5.1.jar:/Users/sreyaspanda/.m2/repository/org/skyscreamer/jsonassert/1.5.1/jsonassert-1.5.1.jar:/Users/sreyaspanda/.m2/repository/com/vaadin/external/google/android-json/0.0.20131108.vaadin1/android-json-0.0.20131108.vaadin1.jar:/Users/sreyaspanda/.m2/repository/org/springframework/spring-core/5.3.29/spring-core-5.3.29.jar:/Users/sreyaspanda/.m2/repository/org/springframework/spring-jcl/5.3.29/spring-jcl-5.3.29.jar:/Users/sreyaspanda/.m2/repository/org/springframework/spring-test/5.3.29/spring-test-5.3.29.jar:/Users/sreyaspanda/.m2/repository/org/xmlunit/xmlunit-core/2.9.1/xmlunit-core-2.9.1.jar:/Users/sreyaspanda/.m2/repository/org/projectlombok/lombok/1.18.28/lombok-1.18.28.jar:/Users/sreyaspanda/.m2/repository/io/cucumber/cucumber-java/7.12.1/cucumber-java-7.12.1.jar:/Users/sreyaspanda/.m2/repository/io/cucumber/cucumber-core/7.12.1/cucumber-core-7.12.1.jar:/Users/sreyaspanda/.m2/repository/io/cucumber/cucumber-gherkin/7.12.1/cucumber-gherkin-7.12.1.jar:/Users/sreyaspanda/.m2/repository/io/cucumber/cucumber-gherkin-messages/7.12.1/cucumber-gherkin-messages-7.12.1.jar:/Users/sreyaspanda/.m2/repository/io/cucumber/gherkin/26.2.0/gherkin-26.2.0.jar:/Users/sreyaspanda/.m2/repository/io/cucumber/messages/22.0.0/messages-22.0.0.jar:/Users/sreyaspanda/.m2/repository/io/cucumber/tag-expressions/5.0.1/tag-expressions-5.0.1.jar:/Users/sreyaspanda/.m2/repository/io/cucumber/cucumber-expressions/16.1.2/cucumber-expressions-16.1.2.jar:/Users/sreyaspanda/.m2/repository/io/cucumber/datatable/7.12.1/datatable-7.12.1.jar:/Users/sreyaspanda/.m2/repository/io/cucumber/cucumber-plugin/7.12.1/cucumber-plugin-7.12.1.jar:/Users/sreyaspanda/.m2/repository/io/cucumber/docstring/7.12.1/docstring-7.12.1.jar:/Users/sreyaspanda/.m2/repository/io/cucumber/html-formatter/20.3.1/html-formatter-20.3.1.jar:/Users/sreyaspanda/.m2/repository/io/cucumber/junit-xml-formatter/0.2.0/junit-xml-formatter-0.2.0.jar:/Users/sreyaspanda/.m2/repository/io/cucumber/ci-environment/9.2.0/ci-environment-9.2.0.jar:/Users/sreyaspanda/.m2/repository/org/apiguardian/apiguardian-api/1.1.2/apiguardian-api-1.1.2.jar:/Users/sreyaspanda/.m2/repository/org/seleniumhq/selenium/selenium-java/4.10.0/selenium-java-4.10.0.jar:/Users/sreyaspanda/.m2/repository/org/seleniumhq/selenium/selenium-api/4.1.4/selenium-api-4.1.4.jar:/Users/sreyaspanda/.m2/repository/org/seleniumhq/selenium/selenium-chrome-driver/4.1.4/selenium-chrome-driver-4.1.4.jar:/Users/sreyaspanda/.m2/repository/com/google/auto/service/auto-service-annotations/1.0.1/auto-service-annotations-1.0.1.jar:/Users/sreyaspanda/.m2/repository/com/google/auto/service/auto-service/1.0.1/auto-service-1.0.1.jar:/Users/sreyaspanda/.m2/repository/com/google/auto/auto-common/1.2/auto-common-1.2.jar:/Users/sreyaspanda/.m2/repository/com/google/guava/guava/31.1-jre/guava-31.1-jre.jar:/Users/sreyaspanda/.m2/repository/com/google/guava/failureaccess/1.0.1/failureaccess-1.0.1.jar:/Users/sreyaspanda/.m2/repository/com/google/guava/listenablefuture/9999.0-empty-to-avoid-conflict-with-guava/listenablefuture-9999.0-empty-to-avoid-conflict-with-guava.jar:/Users/sreyaspanda/.m2/repository/com/google/code/findbugs/jsr305/3.0.2/jsr305-3.0.2.jar:/Users/sreyaspanda/.m2/repository/org/checkerframework/checker-qual/3.12.0/checker-qual-3.12.0.jar:/Users/sreyaspanda/.m2/repository/com/google/errorprone/error_prone_annotations/2.11.0/error_prone_annotations-2.11.0.jar:/Users/sreyaspanda/.m2/repository/com/google/j2objc/j2objc-annotations/1.3/j2objc-annotations-1.3.jar:/Users/sreyaspanda/.m2/repository/org/seleniumhq/selenium/selenium-chromium-driver/4.1.4/selenium-chromium-driver-4.1.4.jar:/Users/sreyaspanda/.m2/repository/org/seleniumhq/selenium/selenium-json/4.1.4/selenium-json-4.1.4.jar:/Users/sreyaspanda/.m2/repository/org/seleniumhq/selenium/selenium-devtools-v112/4.10.0/selenium-devtools-v112-4.10.0.jar:/Users/sreyaspanda/.m2/repository/org/seleniumhq/selenium/selenium-devtools-v113/4.10.0/selenium-devtools-v113-4.10.0.jar:/Users/sreyaspanda/.m2/repository/org/seleniumhq/selenium/selenium-devtools-v114/4.10.0/selenium-devtools-v114-4.10.0.jar:/Users/sreyaspanda/.m2/repository/org/seleniumhq/selenium/selenium-devtools-v85/4.1.4/selenium-devtools-v85-4.1.4.jar:/Users/sreyaspanda/.m2/repository/org/seleniumhq/selenium/selenium-edge-driver/4.1.4/selenium-edge-driver-4.1.4.jar:/Users/sreyaspanda/.m2/repository/org/seleniumhq/selenium/selenium-firefox-driver/4.1.4/selenium-firefox-driver-4.1.4.jar:/Users/sreyaspanda/.m2/repository/org/seleniumhq/selenium/selenium-ie-driver/4.1.4/selenium-ie-driver-4.1.4.jar:/Users/sreyaspanda/.m2/repository/org/seleniumhq/selenium/selenium-remote-driver/4.1.4/selenium-remote-driver-4.1.4.jar:/Users/sreyaspanda/.m2/repository/com/beust/jcommander/1.82/jcommander-1.82.jar:/Users/sreyaspanda/.m2/repository/io/netty/netty-buffer/4.1.94.Final/netty-buffer-4.1.94.Final.jar:/Users/sreyaspanda/.m2/repository/io/netty/netty-codec-http/4.1.94.Final/netty-codec-http-4.1.94.Final.jar:/Users/sreyaspanda/.m2/repository/io/netty/netty-codec/4.1.94.Final/netty-codec-4.1.94.Final.jar:/Users/sreyaspanda/.m2/repository/io/netty/netty-handler/4.1.94.Final/netty-handler-4.1.94.Final.jar:/Users/sreyaspanda/.m2/repository/io/netty/netty-common/4.1.94.Final/netty-common-4.1.94.Final.jar:/Users/sreyaspanda/.m2/repository/io/netty/netty-transport-classes-epoll/4.1.94.Final/netty-transport-classes-epoll-4.1.94.Final.jar:/Users/sreyaspanda/.m2/repository/io/netty/netty-transport-classes-kqueue/4.1.94.Final/netty-transport-classes-kqueue-4.1.94.Final.jar:/Users/sreyaspanda/.m2/repository/io/netty/netty-transport-native-epoll/4.1.94.Final/netty-transport-native-epoll-4.1.94.Final.jar:/Users/sreyaspanda/.m2/repository/io/netty/netty-transport-native-kqueue/4.1.94.Final/netty-transport-native-kqueue-4.1.94.Final.jar:/Users/sreyaspanda/.m2/repository/io/netty/netty-transport-native-unix-common/4.1.94.Final/netty-transport-native-unix-common-4.1.94.Final.jar:/Users/sreyaspanda/.m2/repository/io/netty/netty-transport/4.1.94.Final/netty-transport-4.1.94.Final.jar:/Users/sreyaspanda/.m2/repository/io/netty/netty-resolver/4.1.94.Final/netty-resolver-4.1.94.Final.jar:/Users/sreyaspanda/.m2/repository/io/opentelemetry/opentelemetry-api/1.13.0/opentelemetry-api-1.13.0.jar:/Users/sreyaspanda/.m2/repository/io/opentelemetry/opentelemetry-context/1.13.0/opentelemetry-context-1.13.0.jar:/Users/sreyaspanda/.m2/repository/io/opentelemetry/opentelemetry-exporter-logging/1.13.0/opentelemetry-exporter-logging-1.13.0.jar:/Users/sreyaspanda/.m2/repository/io/opentelemetry/opentelemetry-sdk-metrics/1.13.0-alpha/opentelemetry-sdk-metrics-1.13.0-alpha.jar:/Users/sreyaspanda/.m2/repository/io/opentelemetry/opentelemetry-sdk-logs/1.13.0-alpha/opentelemetry-sdk-logs-1.13.0-alpha.jar:/Users/sreyaspanda/.m2/repository/io/opentelemetry/opentelemetry-sdk-common/1.13.0/opentelemetry-sdk-common-1.13.0.jar:/Users/sreyaspanda/.m2/repository/io/opentelemetry/opentelemetry-sdk-extension-autoconfigure-spi/1.13.0/opentelemetry-sdk-extension-autoconfigure-spi-1.13.0.jar:/Users/sreyaspanda/.m2/repository/io/opentelemetry/opentelemetry-sdk-extension-autoconfigure/1.13.0-alpha/opentelemetry-sdk-extension-autoconfigure-1.13.0-alpha.jar:/Users/sreyaspanda/.m2/repository/io/opentelemetry/opentelemetry-sdk-trace/1.13.0/opentelemetry-sdk-trace-1.13.0.jar:/Users/sreyaspanda/.m2/repository/io/opentelemetry/opentelemetry-sdk/1.13.0/opentelemetry-sdk-1.13.0.jar:/Users/sreyaspanda/.m2/repository/io/opentelemetry/opentelemetry-semconv/1.13.0-alpha/opentelemetry-semconv-1.13.0-alpha.jar:/Users/sreyaspanda/.m2/repository/io/ous/jtoml/2.0.0/jtoml-2.0.0.jar:/Users/sreyaspanda/.m2/repository/org/apache/commons/commons-exec/1.3/commons-exec-1.3.jar:/Users/sreyaspanda/.m2/repository/org/asynchttpclient/async-http-client/2.12.3/async-http-client-2.12.3.jar:/Users/sreyaspanda/.m2/repository/org/asynchttpclient/async-http-client-netty-utils/2.12.3/async-http-client-netty-utils-2.12.3.jar:/Users/sreyaspanda/.m2/repository/io/netty/netty-codec-socks/4.1.94.Final/netty-codec-socks-4.1.94.Final.jar:/Users/sreyaspanda/.m2/repository/io/netty/netty-handler-proxy/4.1.94.Final/netty-handler-proxy-4.1.94.Final.jar:/Users/sreyaspanda/.m2/repository/io/netty/netty-transport-native-epoll/4.1.94.Final/netty-transport-native-epoll-4.1.94.Final-linux-x86_64.jar:/Users/sreyaspanda/.m2/repository/io/netty/netty-transport-native-kqueue/4.1.94.Final/netty-transport-native-kqueue-4.1.94.Final-osx-x86_64.jar:/Users/sreyaspanda/.m2/repository/org/reactivestreams/reactive-streams/1.0.4/reactive-streams-1.0.4.jar:/Users/sreyaspanda/.m2/repository/com/typesafe/netty/netty-reactive-streams/2.0.4/netty-reactive-streams-2.0.4.jar:/Users/sreyaspanda/.m2/repository/com/sun/activation/jakarta.activation/1.2.2/jakarta.activation-1.2.2.jar:/Users/sreyaspanda/.m2/repository/org/seleniumhq/selenium/selenium-http/4.1.4/selenium-http-4.1.4.jar:/Users/sreyaspanda/.m2/repository/dev/failsafe/failsafe/3.2.3/failsafe-3.2.3.jar:/Users/sreyaspanda/.m2/repository/org/seleniumhq/selenium/selenium-safari-driver/4.1.4/selenium-safari-driver-4.1.4.jar:/Users/sreyaspanda/.m2/repository/org/seleniumhq/selenium/selenium-support/4.1.4/selenium-support-4.1.4.jar:/Users/sreyaspanda/.m2/repository/io/cucumber/cucumber-junit/7.13.0/cucumber-junit-7.13.0.jar:/Users/sreyaspanda/.m2/repository/junit/junit/4.13.2/junit-4.13.2.jar:/Users/sreyaspanda/.m2/repository/org/hamcrest/hamcrest-core/2.2/hamcrest-core-2.2.jar:/Users/sreyaspanda/.m2/repository/org/apache/maven/plugins/maven-failsafe-plugin/3.0.0/maven-failsafe-plugin-3.0.0.jar:/Users/sreyaspanda/.m2/repository/org/apache/maven/surefire/maven-surefire-common/3.0.0/maven-surefire-common-3.0.0.jar:/Users/sreyaspanda/.m2/repository/org/apache/maven/surefire/surefire-api/3.0.0/surefire-api-3.0.0.jar:/Users/sreyaspanda/.m2/repository/org/apache/maven/surefire/surefire-logger-api/3.0.0/surefire-logger-api-3.0.0.jar:/Users/sreyaspanda/.m2/repository/org/apache/maven/surefire/surefire-extensions-api/3.0.0/surefire-extensions-api-3.0.0.jar:/Users/sreyaspanda/.m2/repository/org/apache/maven/surefire/surefire-booter/3.0.0/surefire-booter-3.0.0.jar:/Users/sreyaspanda/.m2/repository/org/apache/maven/surefire/surefire-extensions-spi/3.0.0/surefire-extensions-spi-3.0.0.jar:/Users/sreyaspanda/.m2/repository/org/eclipse/aether/aether-util/1.0.0.v20140518/aether-util-1.0.0.v20140518.jar:/Users/sreyaspanda/.m2/repository/org/eclipse/aether/aether-api/1.0.0.v20140518/aether-api-1.0.0.v20140518.jar:/Users/sreyaspanda/.m2/repository/org/apache/maven/shared/maven-common-artifact-filters/3.1.1/maven-common-artifact-filters-3.1.1.jar:/Users/sreyaspanda/.m2/repository/org/apache/maven/maven-artifact/3.1.0/maven-artifact-3.1.0.jar:/Users/sreyaspanda/.m2/repository/org/codehaus/plexus/plexus-utils/3.0.10/plexus-utils-3.0.10.jar:/Users/sreyaspanda/.m2/repository/org/apache/maven/maven-core/3.1.0/maven-core-3.1.0.jar:/Users/sreyaspanda/.m2/repository/org/apache/maven/maven-settings/3.1.0/maven-settings-3.1.0.jar:/Users/sreyaspanda/.m2/repository/org/apache/maven/maven-settings-builder/3.1.0/maven-settings-builder-3.1.0.jar:/Users/sreyaspanda/.m2/repository/org/apache/maven/maven-repository-metadata/3.1.0/maven-repository-metadata-3.1.0.jar:/Users/sreyaspanda/.m2/repository/org/apache/maven/maven-model-builder/3.1.0/maven-model-builder-3.1.0.jar:/Users/sreyaspanda/.m2/repository/org/apache/maven/maven-aether-provider/3.1.0/maven-aether-provider-3.1.0.jar:/Users/sreyaspanda/.m2/repository/org/eclipse/aether/aether-spi/0.9.0.M2/aether-spi-0.9.0.M2.jar:/Users/sreyaspanda/.m2/repository/org/eclipse/aether/aether-impl/0.9.0.M2/aether-impl-0.9.0.M2.jar:/Users/sreyaspanda/.m2/repository/org/eclipse/sisu/org.eclipse.sisu.plexus/0.0.0.M2a/org.eclipse.sisu.plexus-0.0.0.M2a.jar:/Users/sreyaspanda/.m2/repository/javax/enterprise/cdi-api/1.0/cdi-api-1.0.jar:/Users/sreyaspanda/.m2/repository/javax/annotation/jsr250-api/1.0/jsr250-api-1.0.jar:/Users/sreyaspanda/.m2/repository/javax/inject/javax.inject/1/javax.inject-1.jar:/Users/sreyaspanda/.m2/repository/org/sonatype/sisu/sisu-guice/3.1.0/sisu-guice-3.1.0-no_aop.jar:/Users/sreyaspanda/.m2/repository/aopalliance/aopalliance/1.0/aopalliance-1.0.jar:/Users/sreyaspanda/.m2/repository/org/eclipse/sisu/org.eclipse.sisu.inject/0.0.0.M2a/org.eclipse.sisu.inject-0.0.0.M2a.jar:/Users/sreyaspanda/.m2/repository/asm/asm/3.3.1/asm-3.3.1.jar:/Users/sreyaspanda/.m2/repository/org/codehaus/plexus/plexus-interpolation/1.16/plexus-interpolation-1.16.jar:/Users/sreyaspanda/.m2/repository/org/codehaus/plexus/plexus-classworlds/2.4.2/plexus-classworlds-2.4.2.jar:/Users/sreyaspanda/.m2/repository/org/codehaus/plexus/plexus-component-annotations/1.5.5/plexus-component-annotations-1.5.5.jar:/Users/sreyaspanda/.m2/repository/org/sonatype/plexus/plexus-sec-dispatcher/1.3/plexus-sec-dispatcher-1.3.jar:/Users/sreyaspanda/.m2/repository/org/sonatype/plexus/plexus-cipher/1.4/plexus-cipher-1.4.jar:/Users/sreyaspanda/.m2/repository/org/apache/maven/maven-plugin-api/3.1.0/maven-plugin-api-3.1.0.jar:/Users/sreyaspanda/.m2/repository/commons-io/commons-io/2.6/commons-io-2.6.jar:/Users/sreyaspanda/.m2/repository/org/codehaus/plexus/plexus-java/1.1.2/plexus-java-1.1.2.jar:/Users/sreyaspanda/.m2/repository/org/ow2/asm/asm/9.4/asm-9.4.jar:/Users/sreyaspanda/.m2/repository/com/thoughtworks/qdox/qdox/2.0.3/qdox-2.0.3.jar:/Users/sreyaspanda/.m2/repository/org/apache/maven/surefire/surefire-shared-utils/3.0.0/surefire-shared-utils-3.0.0.jar:"/>
    <property name="java.vm.vendor" value="Oracle Corporation"/>
    <property name="sun.arch.data.model" value="64"/>
    <property name="java.vendor.url" value="https://java.oracle.com/"/>
    <property name="os.name" value="Mac OS X"/>
    <property name="java.vm.specification.version" value="16"/>
    <property name="sun.java.launcher" value="SUN_STANDARD"/>
    <property name="user.country" value="IN"/>
    <property name="sun.boot.library.path" value="/Library/Java/JavaVirtualMachines/jdk-16.0.2.jdk/Contents/Home/lib"/>
    <property name="sun.java.command" value="/Users/sreyaspanda/simu_workspace/java_workspace/demo 2/target/surefire/surefirebooter17471281501977431716.jar /Users/sreyaspanda/simu_workspace/java_workspace/demo 2/target/surefire 2023-08-06T13-16-24_204-jvmRun1 surefire4477297332654417692tmp surefire_02024747544934702319tmp"/>
    <property name="http.nonProxyHosts" value="local|*.local|169.254/16|*.169.254/16"/>
    <property name="jdk.debug" value="release"/>
    <property name="surefire.test.class.path" value="/Users/sreyaspanda/simu_workspace/java_workspace/demo 2/target/test-classes:/Users/sreyaspanda/simu_workspace/java_workspace/demo 2/target/classes:/Users/sreyaspanda/.m2/repository/org/springframework/boot/spring-boot-starter-web/2.7.14/spring-boot-starter-web-2.7.14.jar:/Users/sreyaspanda/.m2/repository/org/springframework/boot/spring-boot-starter/2.7.14/spring-boot-starter-2.7.14.jar:/Users/sreyaspanda/.m2/repository/org/springframework/boot/spring-boot/2.7.14/spring-boot-2.7.14.jar:/Users/sreyaspanda/.m2/repository/org/springframework/boot/spring-boot-autoconfigure/2.7.14/spring-boot-autoconfigure-2.7.14.jar:/Users/sreyaspanda/.m2/repository/org/springframework/boot/spring-boot-starter-logging/2.7.14/spring-boot-starter-logging-2.7.14.jar:/Users/sreyaspanda/.m2/repository/ch/qos/logback/logback-classic/1.2.12/logback-classic-1.2.12.jar:/Users/sreyaspanda/.m2/repository/ch/qos/logback/logback-core/1.2.12/logback-core-1.2.12.jar:/Users/sreyaspanda/.m2/repository/org/apache/logging/log4j/log4j-to-slf4j/2.17.2/log4j-to-slf4j-2.17.2.jar:/Users/sreyaspanda/.m2/repository/org/apache/logging/log4j/log4j-api/2.17.2/log4j-api-2.17.2.jar:/Users/sreyaspanda/.m2/repository/org/slf4j/jul-to-slf4j/1.7.36/jul-to-slf4j-1.7.36.jar:/Users/sreyaspanda/.m2/repository/jakarta/annotation/jakarta.annotation-api/1.3.5/jakarta.annotation-api-1.3.5.jar:/Users/sreyaspanda/.m2/repository/org/yaml/snakeyaml/1.30/snakeyaml-1.30.jar:/Users/sreyaspanda/.m2/repository/org/springframework/boot/spring-boot-starter-json/2.7.14/spring-boot-starter-json-2.7.14.jar:/Users/sreyaspanda/.m2/repository/com/fasterxml/jackson/core/jackson-databind/2.13.5/jackson-databind-2.13.5.jar:/Users/sreyaspanda/.m2/repository/com/fasterxml/jackson/core/jackson-annotations/2.13.5/jackson-annotations-2.13.5.jar:/Users/sreyaspanda/.m2/repository/com/fasterxml/jackson/core/jackson-core/2.13.5/jackson-core-2.13.5.jar:/Users/sreyaspanda/.m2/repository/com/fasterxml/jackson/datatype/jackson-datatype-jdk8/2.13.5/jackson-datatype-jdk8-2.13.5.jar:/Users/sreyaspanda/.m2/repository/com/fasterxml/jackson/datatype/jackson-datatype-jsr310/2.13.5/jackson-datatype-jsr310-2.13.5.jar:/Users/sreyaspanda/.m2/repository/com/fasterxml/jackson/module/jackson-module-parameter-names/2.13.5/jackson-module-parameter-names-2.13.5.jar:/Users/sreyaspanda/.m2/repository/org/springframework/boot/spring-boot-starter-tomcat/2.7.14/spring-boot-starter-tomcat-2.7.14.jar:/Users/sreyaspanda/.m2/repository/org/apache/tomcat/embed/tomcat-embed-core/9.0.78/tomcat-embed-core-9.0.78.jar:/Users/sreyaspanda/.m2/repository/org/apache/tomcat/embed/tomcat-embed-el/9.0.78/tomcat-embed-el-9.0.78.jar:/Users/sreyaspanda/.m2/repository/org/apache/tomcat/embed/tomcat-embed-websocket/9.0.78/tomcat-embed-websocket-9.0.78.jar:/Users/sreyaspanda/.m2/repository/org/springframework/spring-web/5.3.29/spring-web-5.3.29.jar:/Users/sreyaspanda/.m2/repository/org/springframework/spring-beans/5.3.29/spring-beans-5.3.29.jar:/Users/sreyaspanda/.m2/repository/org/springframework/spring-webmvc/5.3.29/spring-webmvc-5.3.29.jar:/Users/sreyaspanda/.m2/repository/org/springframework/spring-aop/5.3.29/spring-aop-5.3.29.jar:/Users/sreyaspanda/.m2/repository/org/springframework/spring-context/5.3.29/spring-context-5.3.29.jar:/Users/sreyaspanda/.m2/repository/org/springframework/spring-expression/5.3.29/spring-expression-5.3.29.jar:/Users/sreyaspanda/.m2/repository/org/springframework/boot/spring-boot-starter-test/2.7.14/spring-boot-starter-test-2.7.14.jar:/Users/sreyaspanda/.m2/repository/org/springframework/boot/spring-boot-test/2.7.14/spring-boot-test-2.7.14.jar:/Users/sreyaspanda/.m2/repository/org/springframework/boot/spring-boot-test-autoconfigure/2.7.14/spring-boot-test-autoconfigure-2.7.14.jar:/Users/sreyaspanda/.m2/repository/com/jayway/jsonpath/json-path/2.7.0/json-path-2.7.0.jar:/Users/sreyaspanda/.m2/repository/net/minidev/json-smart/2.4.11/json-smart-2.4.11.jar:/Users/sreyaspanda/.m2/repository/net/minidev/accessors-smart/2.4.11/accessors-smart-2.4.11.jar:/Users/sreyaspanda/.m2/repository/org/slf4j/slf4j-api/1.7.36/slf4j-api-1.7.36.jar:/Users/sreyaspanda/.m2/repository/jakarta/xml/bind/jakarta.xml.bind-api/2.3.3/jakarta.xml.bind-api-2.3.3.jar:/Users/sreyaspanda/.m2/repository/jakarta/activation/jakarta.activation-api/1.2.2/jakarta.activation-api-1.2.2.jar:/Users/sreyaspanda/.m2/repository/org/assertj/assertj-core/3.22.0/assertj-core-3.22.0.jar:/Users/sreyaspanda/.m2/repository/org/hamcrest/hamcrest/2.2/hamcrest-2.2.jar:/Users/sreyaspanda/.m2/repository/org/junit/jupiter/junit-jupiter/5.8.2/junit-jupiter-5.8.2.jar:/Users/sreyaspanda/.m2/repository/org/junit/jupiter/junit-jupiter-api/5.8.2/junit-jupiter-api-5.8.2.jar:/Users/sreyaspanda/.m2/repository/org/opentest4j/opentest4j/1.2.0/opentest4j-1.2.0.jar:/Users/sreyaspanda/.m2/repository/org/junit/platform/junit-platform-commons/1.8.2/junit-platform-commons-1.8.2.jar:/Users/sreyaspanda/.m2/repository/org/junit/jupiter/junit-jupiter-params/5.8.2/junit-jupiter-params-5.8.2.jar:/Users/sreyaspanda/.m2/repository/org/junit/jupiter/junit-jupiter-engine/5.8.2/junit-jupiter-engine-5.8.2.jar:/Users/sreyaspanda/.m2/repository/org/junit/platform/junit-platform-engine/1.8.2/junit-platform-engine-1.8.2.jar:/Users/sreyaspanda/.m2/repository/org/mockito/mockito-core/4.5.1/mockito-core-4.5.1.jar:/Users/sreyaspanda/.m2/repository/net/bytebuddy/byte-buddy/1.12.23/byte-buddy-1.12.23.jar:/Users/sreyaspanda/.m2/repository/net/bytebuddy/byte-buddy-agent/1.12.23/byte-buddy-agent-1.12.23.jar:/Users/sreyaspanda/.m2/repository/org/objenesis/objenesis/3.2/objenesis-3.2.jar:/Users/sreyaspanda/.m2/repository/org/mockito/mockito-junit-jupiter/4.5.1/mockito-junit-jupiter-4.5.1.jar:/Users/sreyaspanda/.m2/repository/org/skyscreamer/jsonassert/1.5.1/jsonassert-1.5.1.jar:/Users/sreyaspanda/.m2/repository/com/vaadin/external/google/android-json/0.0.20131108.vaadin1/android-json-0.0.20131108.vaadin1.jar:/Users/sreyaspanda/.m2/repository/org/springframework/spring-core/5.3.29/spring-core-5.3.29.jar:/Users/sreyaspanda/.m2/repository/org/springframework/spring-jcl/5.3.29/spring-jcl-5.3.29.jar:/Users/sreyaspanda/.m2/repository/org/springframework/spring-test/5.3.29/spring-test-5.3.29.jar:/Users/sreyaspanda/.m2/repository/org/xmlunit/xmlunit-core/2.9.1/xmlunit-core-2.9.1.jar:/Users/sreyaspanda/.m2/repository/org/projectlombok/lombok/1.18.28/lombok-1.18.28.jar:/Users/sreyaspanda/.m2/repository/io/cucumber/cucumber-java/7.12.1/cucumber-java-7.12.1.jar:/Users/sreyaspanda/.m2/repository/io/cucumber/cucumber-core/7.12.1/cucumber-core-7.12.1.jar:/Users/sreyaspanda/.m2/repository/io/cucumber/cucumber-gherkin/7.12.1/cucumber-gherkin-7.12.1.jar:/Users/sreyaspanda/.m2/repository/io/cucumber/cucumber-gherkin-messages/7.12.1/cucumber-gherkin-messages-7.12.1.jar:/Users/sreyaspanda/.m2/repository/io/cucumber/gherkin/26.2.0/gherkin-26.2.0.jar:/Users/sreyaspanda/.m2/repository/io/cucumber/messages/22.0.0/messages-22.0.0.jar:/Users/sreyaspanda/.m2/repository/io/cucumber/tag-expressions/5.0.1/tag-expressions-5.0.1.jar:/Users/sreyaspanda/.m2/repository/io/cucumber/cucumber-expressions/16.1.2/cucumber-expressions-16.1.2.jar:/Users/sreyaspanda/.m2/repository/io/cucumber/datatable/7.12.1/datatable-7.12.1.jar:/Users/sreyaspanda/.m2/repository/io/cucumber/cucumber-plugin/7.12.1/cucumber-plugin-7.12.1.jar:/Users/sreyaspanda/.m2/repository/io/cucumber/docstring/7.12.1/docstring-7.12.1.jar:/Users/sreyaspanda/.m2/repository/io/cucumber/html-formatter/20.3.1/html-formatter-20.3.1.jar:/Users/sreyaspanda/.m2/repository/io/cucumber/junit-xml-formatter/0.2.0/junit-xml-formatter-0.2.0.jar:/Users/sreyaspanda/.m2/repository/io/cucumber/ci-environment/9.2.0/ci-environment-9.2.0.jar:/Users/sreyaspanda/.m2/repository/org/apiguardian/apiguardian-api/1.1.2/apiguardian-api-1.1.2.jar:/Users/sreyaspanda/.m2/repository/org/seleniumhq/selenium/selenium-java/4.10.0/selenium-java-4.10.0.jar:/Users/sreyaspanda/.m2/repository/org/seleniumhq/selenium/selenium-api/4.1.4/selenium-api-4.1.4.jar:/Users/sreyaspanda/.m2/repository/org/seleniumhq/selenium/selenium-chrome-driver/4.1.4/selenium-chrome-driver-4.1.4.jar:/Users/sreyaspanda/.m2/repository/com/google/auto/service/auto-service-annotations/1.0.1/auto-service-annotations-1.0.1.jar:/Users/sreyaspanda/.m2/repository/com/google/auto/service/auto-service/1.0.1/auto-service-1.0.1.jar:/Users/sreyaspanda/.m2/repository/com/google/auto/auto-common/1.2/auto-common-1.2.jar:/Users/sreyaspanda/.m2/repository/com/google/guava/guava/31.1-jre/guava-31.1-jre.jar:/Users/sreyaspanda/.m2/repository/com/google/guava/failureaccess/1.0.1/failureaccess-1.0.1.jar:/Users/sreyaspanda/.m2/repository/com/google/guava/listenablefuture/9999.0-empty-to-avoid-conflict-with-guava/listenablefuture-9999.0-empty-to-avoid-conflict-with-guava.jar:/Users/sreyaspanda/.m2/repository/com/google/code/findbugs/jsr305/3.0.2/jsr305-3.0.2.jar:/Users/sreyaspanda/.m2/repository/org/checkerframework/checker-qual/3.12.0/checker-qual-3.12.0.jar:/Users/sreyaspanda/.m2/repository/com/google/errorprone/error_prone_annotations/2.11.0/error_prone_annotations-2.11.0.jar:/Users/sreyaspanda/.m2/repository/com/google/j2objc/j2objc-annotations/1.3/j2objc-annotations-1.3.jar:/Users/sreyaspanda/.m2/repository/org/seleniumhq/selenium/selenium-chromium-driver/4.1.4/selenium-chromium-driver-4.1.4.jar:/Users/sreyaspanda/.m2/repository/org/seleniumhq/selenium/selenium-json/4.1.4/selenium-json-4.1.4.jar:/Users/sreyaspanda/.m2/repository/org/seleniumhq/selenium/selenium-devtools-v112/4.10.0/selenium-devtools-v112-4.10.0.jar:/Users/sreyaspanda/.m2/repository/org/seleniumhq/selenium/selenium-devtools-v113/4.10.0/selenium-devtools-v113-4.10.0.jar:/Users/sreyaspanda/.m2/repository/org/seleniumhq/selenium/selenium-devtools-v114/4.10.0/selenium-devtools-v114-4.10.0.jar:/Users/sreyaspanda/.m2/repository/org/seleniumhq/selenium/selenium-devtools-v85/4.1.4/selenium-devtools-v85-4.1.4.jar:/Users/sreyaspanda/.m2/repository/org/seleniumhq/selenium/selenium-edge-driver/4.1.4/selenium-edge-driver-4.1.4.jar:/Users/sreyaspanda/.m2/repository/org/seleniumhq/selenium/selenium-firefox-driver/4.1.4/selenium-firefox-driver-4.1.4.jar:/Users/sreyaspanda/.m2/repository/org/seleniumhq/selenium/selenium-ie-driver/4.1.4/selenium-ie-driver-4.1.4.jar:/Users/sreyaspanda/.m2/repository/org/seleniumhq/selenium/selenium-remote-driver/4.1.4/selenium-remote-driver-4.1.4.jar:/Users/sreyaspanda/.m2/repository/com/beust/jcommander/1.82/jcommander-1.82.jar:/Users/sreyaspanda/.m2/repository/io/netty/netty-buffer/4.1.94.Final/netty-buffer-4.1.94.Final.jar:/Users/sreyaspanda/.m2/repository/io/netty/netty-codec-http/4.1.94.Final/netty-codec-http-4.1.94.Final.jar:/Users/sreyaspanda/.m2/repository/io/netty/netty-codec/4.1.94.Final/netty-codec-4.1.94.Final.jar:/Users/sreyaspanda/.m2/repository/io/netty/netty-handler/4.1.94.Final/netty-handler-4.1.94.Final.jar:/Users/sreyaspanda/.m2/repository/io/netty/netty-common/4.1.94.Final/netty-common-4.1.94.Final.jar:/Users/sreyaspanda/.m2/repository/io/netty/netty-transport-classes-epoll/4.1.94.Final/netty-transport-classes-epoll-4.1.94.Final.jar:/Users/sreyaspanda/.m2/repository/io/netty/netty-transport-classes-kqueue/4.1.94.Final/netty-transport-classes-kqueue-4.1.94.Final.jar:/Users/sreyaspanda/.m2/repository/io/netty/netty-transport-native-epoll/4.1.94.Final/netty-transport-native-epoll-4.1.94.Final.jar:/Users/sreyaspanda/.m2/repository/io/netty/netty-transport-native-kqueue/4.1.94.Final/netty-transport-native-kqueue-4.1.94.Final.jar:/Users/sreyaspanda/.m2/repository/io/netty/netty-transport-native-unix-common/4.1.94.Final/netty-transport-native-unix-common-4.1.94.Final.jar:/Users/sreyaspanda/.m2/repository/io/netty/netty-transport/4.1.94.Final/netty-transport-4.1.94.Final.jar:/Users/sreyaspanda/.m2/repository/io/netty/netty-resolver/4.1.94.Final/netty-resolver-4.1.94.Final.jar:/Users/sreyaspanda/.m2/repository/io/opentelemetry/opentelemetry-api/1.13.0/opentelemetry-api-1.13.0.jar:/Users/sreyaspanda/.m2/repository/io/opentelemetry/opentelemetry-context/1.13.0/opentelemetry-context-1.13.0.jar:/Users/sreyaspanda/.m2/repository/io/opentelemetry/opentelemetry-exporter-logging/1.13.0/opentelemetry-exporter-logging-1.13.0.jar:/Users/sreyaspanda/.m2/repository/io/opentelemetry/opentelemetry-sdk-metrics/1.13.0-alpha/opentelemetry-sdk-metrics-1.13.0-alpha.jar:/Users/sreyaspanda/.m2/repository/io/opentelemetry/opentelemetry-sdk-logs/1.13.0-alpha/opentelemetry-sdk-logs-1.13.0-alpha.jar:/Users/sreyaspanda/.m2/repository/io/opentelemetry/opentelemetry-sdk-common/1.13.0/opentelemetry-sdk-common-1.13.0.jar:/Users/sreyaspanda/.m2/repository/io/opentelemetry/opentelemetry-sdk-extension-autoconfigure-spi/1.13.0/opentelemetry-sdk-extension-autoconfigure-spi-1.13.0.jar:/Users/sreyaspanda/.m2/repository/io/opentelemetry/opentelemetry-sdk-extension-autoconfigure/1.13.0-alpha/opentelemetry-sdk-extension-autoconfigure-1.13.0-alpha.jar:/Users/sreyaspanda/.m2/repository/io/opentelemetry/opentelemetry-sdk-trace/1.13.0/opentelemetry-sdk-trace-1.13.0.jar:/Users/sreyaspanda/.m2/repository/io/opentelemetry/opentelemetry-sdk/1.13.0/opentelemetry-sdk-1.13.0.jar:/Users/sreyaspanda/.m2/repository/io/opentelemetry/opentelemetry-semconv/1.13.0-alpha/opentelemetry-semconv-1.13.0-alpha.jar:/Users/sreyaspanda/.m2/repository/io/ous/jtoml/2.0.0/jtoml-2.0.0.jar:/Users/sreyaspanda/.m2/repository/org/apache/commons/commons-exec/1.3/commons-exec-1.3.jar:/Users/sreyaspanda/.m2/repository/org/asynchttpclient/async-http-client/2.12.3/async-http-client-2.12.3.jar:/Users/sreyaspanda/.m2/repository/org/asynchttpclient/async-http-client-netty-utils/2.12.3/async-http-client-netty-utils-2.12.3.jar:/Users/sreyaspanda/.m2/repository/io/netty/netty-codec-socks/4.1.94.Final/netty-codec-socks-4.1.94.Final.jar:/Users/sreyaspanda/.m2/repository/io/netty/netty-handler-proxy/4.1.94.Final/netty-handler-proxy-4.1.94.Final.jar:/Users/sreyaspanda/.m2/repository/io/netty/netty-transport-native-epoll/4.1.94.Final/netty-transport-native-epoll-4.1.94.Final-linux-x86_64.jar:/Users/sreyaspanda/.m2/repository/io/netty/netty-transport-native-kqueue/4.1.94.Final/netty-transport-native-kqueue-4.1.94.Final-osx-x86_64.jar:/Users/sreyaspanda/.m2/repository/org/reactivestreams/reactive-streams/1.0.4/reactive-streams-1.0.4.jar:/Users/sreyaspanda/.m2/repository/com/typesafe/netty/netty-reactive-streams/2.0.4/netty-reactive-streams-2.0.4.jar:/Users/sreyaspanda/.m2/repository/com/sun/activation/jakarta.activation/1.2.2/jakarta.activation-1.2.2.jar:/Users/sreyaspanda/.m2/repository/org/seleniumhq/selenium/selenium-http/4.1.4/selenium-http-4.1.4.jar:/Users/sreyaspanda/.m2/repository/dev/failsafe/failsafe/3.2.3/failsafe-3.2.3.jar:/Users/sreyaspanda/.m2/repository/org/seleniumhq/selenium/selenium-safari-driver/4.1.4/selenium-safari-driver-4.1.4.jar:/Users/sreyaspanda/.m2/repository/org/seleniumhq/selenium/selenium-support/4.1.4/selenium-support-4.1.4.jar:/Users/sreyaspanda/.m2/repository/io/cucumber/cucumber-junit/7.13.0/cucumber-junit-7.13.0.jar:/Users/sreyaspanda/.m2/repository/junit/junit/4.13.2/junit-4.13.2.jar:/Users/sreyaspanda/.m2/repository/org/hamcrest/hamcrest-core/2.2/hamcrest-core-2.2.jar:/Users/sreyaspanda/.m2/repository/org/apache/maven/plugins/maven-failsafe-plugin/3.0.0/maven-failsafe-plugin-3.0.0.jar:/Users/sreyaspanda/.m2/repository/org/apache/maven/surefire/maven-surefire-common/3.0.0/maven-surefire-common-3.0.0.jar:/Users/sreyaspanda/.m2/repository/org/apache/maven/surefire/surefire-api/3.0.0/surefire-api-3.0.0.jar:/Users/sreyaspanda/.m2/repository/org/apache/maven/surefire/surefire-logger-api/3.0.0/surefire-logger-api-3.0.0.jar:/Users/sreyaspanda/.m2/repository/org/apache/maven/surefire/surefire-extensions-api/3.0.0/surefire-extensions-api-3.0.0.jar:/Users/sreyaspanda/.m2/repository/org/apache/maven/surefire/surefire-booter/3.0.0/surefire-booter-3.0.0.jar:/Users/sreyaspanda/.m2/repository/org/apache/maven/surefire/surefire-extensions-spi/3.0.0/surefire-extensions-spi-3.0.0.jar:/Users/sreyaspanda/.m2/repository/org/eclipse/aether/aether-util/1.0.0.v20140518/aether-util-1.0.0.v20140518.jar:/Users/sreyaspanda/.m2/repository/org/eclipse/aether/aether-api/1.0.0.v20140518/aether-api-1.0.0.v20140518.jar:/Users/sreyaspanda/.m2/repository/org/apache/maven/shared/maven-common-artifact-filters/3.1.1/maven-common-artifact-filters-3.1.1.jar:/Users/sreyaspanda/.m2/repository/org/apache/maven/maven-artifact/3.1.0/maven-artifact-3.1.0.jar:/Users/sreyaspanda/.m2/repository/org/codehaus/plexus/plexus-utils/3.0.10/plexus-utils-3.0.10.jar:/Users/sreyaspanda/.m2/repository/org/apache/maven/maven-core/3.1.0/maven-core-3.1.0.jar:/Users/sreyaspanda/.m2/repository/org/apache/maven/maven-settings/3.1.0/maven-settings-3.1.0.jar:/Users/sreyaspanda/.m2/repository/org/apache/maven/maven-settings-builder/3.1.0/maven-settings-builder-3.1.0.jar:/Users/sreyaspanda/.m2/repository/org/apache/maven/maven-repository-metadata/3.1.0/maven-repository-metadata-3.1.0.jar:/Users/sreyaspanda/.m2/repository/org/apache/maven/maven-model-builder/3.1.0/maven-model-builder-3.1.0.jar:/Users/sreyaspanda/.m2/repository/org/apache/maven/maven-aether-provider/3.1.0/maven-aether-provider-3.1.0.jar:/Users/sreyaspanda/.m2/repository/org/eclipse/aether/aether-spi/0.9.0.M2/aether-spi-0.9.0.M2.jar:/Users/sreyaspanda/.m2/repository/org/eclipse/aether/aether-impl/0.9.0.M2/aether-impl-0.9.0.M2.jar:/Users/sreyaspanda/.m2/repository/org/eclipse/sisu/org.eclipse.sisu.plexus/0.0.0.M2a/org.eclipse.sisu.plexus-0.0.0.M2a.jar:/Users/sreyaspanda/.m2/repository/javax/enterprise/cdi-api/1.0/cdi-api-1.0.jar:/Users/sreyaspanda/.m2/repository/javax/annotation/jsr250-api/1.0/jsr250-api-1.0.jar:/Users/sreyaspanda/.m2/repository/javax/inject/javax.inject/1/javax.inject-1.jar:/Users/sreyaspanda/.m2/repository/org/sonatype/sisu/sisu-guice/3.1.0/sisu-guice-3.1.0-no_aop.jar:/Users/sreyaspanda/.m2/repository/aopalliance/aopalliance/1.0/aopalliance-1.0.jar:/Users/sreyaspanda/.m2/repository/org/eclipse/sisu/org.eclipse.sisu.inject/0.0.0.M2a/org.eclipse.sisu.inject-0.0.0.M2a.jar:/Users/sreyaspanda/.m2/repository/asm/asm/3.3.1/asm-3.3.1.jar:/Users/sreyaspanda/.m2/repository/org/codehaus/plexus/plexus-interpolation/1.16/plexus-interpolation-1.16.jar:/Users/sreyaspanda/.m2/repository/org/codehaus/plexus/plexus-classworlds/2.4.2/plexus-classworlds-2.4.2.jar:/Users/sreyaspanda/.m2/repository/org/codehaus/plexus/plexus-component-annotations/1.5.5/plexus-component-annotations-1.5.5.jar:/Users/sreyaspanda/.m2/repository/org/sonatype/plexus/plexus-sec-dispatcher/1.3/plexus-sec-dispatcher-1.3.jar:/Users/sreyaspanda/.m2/repository/org/sonatype/plexus/plexus-cipher/1.4/plexus-cipher-1.4.jar:/Users/sreyaspanda/.m2/repository/org/apache/maven/maven-plugin-api/3.1.0/maven-plugin-api-3.1.0.jar:/Users/sreyaspanda/.m2/repository/commons-io/commons-io/2.6/commons-io-2.6.jar:/Users/sreyaspanda/.m2/repository/org/codehaus/plexus/plexus-java/1.1.2/plexus-java-1.1.2.jar:/Users/sreyaspanda/.m2/repository/org/ow2/asm/asm/9.4/asm-9.4.jar:/Users/sreyaspanda/.m2/repository/com/thoughtworks/qdox/qdox/2.0.3/qdox-2.0.3.jar:/Users/sreyaspanda/.m2/repository/org/apache/maven/surefire/surefire-shared-utils/3.0.0/surefire-shared-utils-3.0.0.jar:"/>
    <property name="sun.cpu.endian" value="little"/>
    <property name="user.home" value="/Users/sreyaspanda"/>
    <property name="user.language" value="en"/>
    <property name="java.specification.vendor" value="Oracle Corporation"/>
    <property name="java.version.date" value="2021-07-20"/>
    <property name="java.home" value="/Library/Java/JavaVirtualMachines/jdk-16.0.2.jdk/Contents/Home"/>
    <property name="file.separator" value="/"/>
    <property name="basedir" value="/Users/sreyaspanda/simu_workspace/java_workspace/demo 2"/>
    <property name="java.vm.compressedOopsMode" value="Zero based"/>
    <property name="line.separator" value="&#10;"/>
    <property name="java.specification.name" value="Java Platform API Specification"/>
    <property name="java.vm.specification.vendor" value="Oracle Corporation"/>
    <property name="surefire.real.class.path" value="/Users/sreyaspanda/simu_workspace/java_workspace/demo 2/target/surefire/surefirebooter17471281501977431716.jar"/>
    <property name="sun.management.compiler" value="HotSpot 64-Bit Tiered Compilers"/>
    <property name="ftp.nonProxyHosts" value="local|*.local|169.254/16|*.169.254/16"/>
    <property name="java.runtime.version" value="16.0.2+7-67"/>
    <property name="user.name" value="sreyaspanda"/>
    <property name="path.separator" value=":"/>
    <property name="os.version" value="11.3"/>
    <property name="java.runtime.name" value="Java(TM) SE Runtime Environment"/>
    <property name="file.encoding" value="US-ASCII"/>
    <property name="java.vm.name" value="Java HotSpot(TM) 64-Bit Server VM"/>
    <property name="localRepository" value="/Users/sreyaspanda/.m2/repository"/>
    <property name="java.vendor.url.bug" value="https://bugreport.java.com/bugreport/"/>
    <property name="java.io.tmpdir" value="/var/folders/9k/n5chx2yj2gx3tsfv_mswvqnc0000gn/T/"/>
    <property name="java.version" value="16.0.2"/>
    <property name="user.dir" value="/Users/sreyaspanda/simu_workspace/java_workspace/demo 2"/>
    <property name="os.arch" value="x86_64"/>
    <property name="java.vm.specification.name" value="Java Virtual Machine Specification"/>
    <property name="java.library.path" value="/Users/sreyaspanda/Library/Java/Extensions:/Library/Java/Extensions:/Network/Library/Java/Extensions:/System/Library/Java/Extensions:/usr/lib/java:."/>
    <property name="java.vm.info" value="mixed mode, sharing"/>
    <property name="java.vendor" value="Oracle Corporation"/>
    <property name="java.vm.version" value="16.0.2+7-67"/>
    <property name="sun.io.unicode.encoding" value="UnicodeBig"/>
    <property name="socksNonProxyHosts" value="local|*.local|169.254/16|*.169.254/16"/>
    <property name="java.class.version" value="60.0"/>
  </properties>
  <testcase name="contextLoads" classname="com.example.demo.DemoApplicationTests" time="0.893"/>
</testsuite>